[     118ms] [INFO] %cDownload the React DevTools for a better development experience: https://reactjs.org/link/react-devtools font-weight:bold @ http://localhost:3000/node_modules/.vite/deps/chunk-EJTTOCY5.js?v=62ffa396:21550
[     238ms] [WARNING] ⚠️ React Router Future Flag Warning: React Router will begin wrapping state updates in `React.startTransition` in v7. You can use the `v7_startTransition` future flag to opt-in early. For more information, see https://reactrouter.com/v6/upgrading/future#v7_starttransition. @ http://localhost:3000/node_modules/.vite/deps/react-router-dom.js?v=62ffa396:4435
[     238ms] [WARNING] ⚠️ React Router Future Flag Warning: Relative route resolution within Splat routes is changing in v7. You can use the `v7_relativeSplatPath` future flag to opt-in early. For more information, see https://reactrouter.com/v6/upgrading/future#v7_relativesplatpath. @ http://localhost:3000/node_modules/.vite/deps/react-router-dom.js?v=62ffa396:4435
[     258ms] [ERROR] Failed to load resource: the server responded with a status of 404 (Not Found) @ http://localhost:3000/favicon.ico:0
[   13041ms] [VERBOSE] [DOM] Input elements should have autocomplete attributes (suggested: "new-password"): (More info: https://goo.gl/9p2vKq) %o @ http://localhost:3000/login?tab=register:0
[   13041ms] [VERBOSE] [DOM] Input elements should have autocomplete attributes (suggested: "new-password"): (More info: https://goo.gl/9p2vKq) %o @ http://localhost:3000/login?tab=register:0
[   36301ms] [ERROR] Warning: Cannot update a component (`%s`) while rendering a different component (`%s`). To locate the bad setState() call inside `%s`, follow the stack trace as described in https://reactjs.org/link/setstate-in-render%s BrowserRouter Login Login 
    at Login (http://localhost:3000/src/pages/Login.jsx:38:20)
    at div
    at MotionDOMComponent (http://localhost:3000/node_modules/.vite/deps/framer-motion.js?v=62ffa396:8882:40)
    at LoginTransition (http://localhost:3000/src/components/layout/PageTransition.jsx:58:35)
    at RenderedRoute (http://localhost:3000/node_modules/.vite/deps/react-router-dom.js?v=62ffa396:4131:5)
    at Routes (http://localhost:3000/node_modules/.vite/deps/react-router-dom.js?v=62ffa396:4601:5)
    at PopChildMeasure (http://localhost:3000/node_modules/.vite/deps/framer-motion.js?v=62ffa396:8021:23)
    at PopChild (http://localhost:3000/node_modules/.vite/deps/framer-motion.js?v=62ffa396:8048:21)
    at PresenceChild (http://localhost:3000/node_modules/.vite/deps/framer-motion.js?v=62ffa396:8098:24)
    at AnimatePresence (http://localhost:3000/node_modules/.vite/deps/framer-motion.js?v=62ffa396:8175:26)
    at AnimatedRoutes (http://localhost:3000/src/App.jsx?t=1775545637531:47:20)
    at main
    at div
    at Router (http://localhost:3000/node_modules/.vite/deps/react-router-dom.js?v=62ffa396:4544:15)
    at BrowserRouter (http://localhost:3000/node_modules/.vite/deps/react-router-dom.js?v=62ffa396:5290:5)
    at JudgeProvider (http://localhost:3000/src/context/JudgeContext.jsx:39:33)
    at TeamProvider (http://localhost:3000/src/context/TeamContext.jsx:72:32)
    at AuthProvider (http://localhost:3000/src/context/AuthContext.jsx:38:32)
    at App @ http://localhost:3000/node_modules/.vite/deps/chunk-EJTTOCY5.js?v=62ffa396:520
[   84284ms] [VERBOSE] [DOM] Input elements should have autocomplete attributes (suggested: "current-password"): (More info: https://goo.gl/9p2vKq) %o @ http://localhost:3000/login:0
[   99936ms] [INFO] %cDownload the React DevTools for a better development experience: https://reactjs.org/link/react-devtools font-weight:bold @ http://localhost:3000/node_modules/.vite/deps/chunk-EJTTOCY5.js?v=62ffa396:21550
[   99967ms] [WARNING] You should call navigate() in a React.useEffect(), not when your component is first rendered. @ http://localhost:3000/node_modules/.vite/deps/react-router-dom.js?v=62ffa396:213
[   99967ms] [WARNING] You should call navigate() in a React.useEffect(), not when your component is first rendered. @ http://localhost:3000/node_modules/.vite/deps/react-router-dom.js?v=62ffa396:213
[   99990ms] [WARNING] ⚠️ React Router Future Flag Warning: React Router will begin wrapping state updates in `React.startTransition` in v7. You can use the `v7_startTransition` future flag to opt-in early. For more information, see https://reactrouter.com/v6/upgrading/future#v7_starttransition. @ http://localhost:3000/node_modules/.vite/deps/react-router-dom.js?v=62ffa396:4435
[   99990ms] [WARNING] ⚠️ React Router Future Flag Warning: Relative route resolution within Splat routes is changing in v7. You can use the `v7_relativeSplatPath` future flag to opt-in early. For more information, see https://reactrouter.com/v6/upgrading/future#v7_relativesplatpath. @ http://localhost:3000/node_modules/.vite/deps/react-router-dom.js?v=62ffa396:4435
[   99995ms] [ERROR] Warning: Cannot update a component (`%s`) while rendering a different component (`%s`). To locate the bad setState() call inside `%s`, follow the stack trace as described in https://reactjs.org/link/setstate-in-render%s BrowserRouter Login Login 
    at Login (http://localhost:3000/src/pages/Login.jsx:38:20)
    at div
    at MotionDOMComponent (http://localhost:3000/node_modules/.vite/deps/framer-motion.js?v=62ffa396:8882:40)
    at LoginTransition (http://localhost:3000/src/components/layout/PageTransition.jsx:58:35)
    at RenderedRoute (http://localhost:3000/node_modules/.vite/deps/react-router-dom.js?v=62ffa396:4131:5)
    at Routes (http://localhost:3000/node_modules/.vite/deps/react-router-dom.js?v=62ffa396:4601:5)
    at PopChildMeasure (http://localhost:3000/node_modules/.vite/deps/framer-motion.js?v=62ffa396:8021:23)
    at PopChild (http://localhost:3000/node_modules/.vite/deps/framer-motion.js?v=62ffa396:8048:21)
    at PresenceChild (http://localhost:3000/node_modules/.vite/deps/framer-motion.js?v=62ffa396:8098:24)
    at AnimatePresence (http://localhost:3000/node_modules/.vite/deps/framer-motion.js?v=62ffa396:8175:26)
    at AnimatedRoutes (http://localhost:3000/src/App.jsx?t=1775545637531:47:20)
    at main
    at div
    at Router (http://localhost:3000/node_modules/.vite/deps/react-router-dom.js?v=62ffa396:4544:15)
    at BrowserRouter (http://localhost:3000/node_modules/.vite/deps/react-router-dom.js?v=62ffa396:5290:5)
    at JudgeProvider (http://localhost:3000/src/context/JudgeContext.jsx:39:33)
    at TeamProvider (http://localhost:3000/src/context/TeamContext.jsx:72:32)
    at AuthProvider (http://localhost:3000/src/context/AuthContext.jsx:38:32)
    at App @ http://localhost:3000/node_modules/.vite/deps/chunk-EJTTOCY5.js?v=62ffa396:520
